<?xml version="1.0" encoding="UTF-8"?>
<testsuite xmlns:xsi="http://www.w3.org/2001/XMLSchema-instance" xsi:noNamespaceSchemaLocation="https://maven.apache.org/surefire/maven-surefire-plugin/xsd/surefire-test-report-3.0.xsd" version="3.0" name="com.health.healthplatform.HealthplatformApplicationTests" time="10.254" tests="1" errors="0" skipped="0" failures="0">
  <properties>
[...]
</properties>
  <testcase name="contextLoads" classname="com.health.healthplatform.HealthplatformApplicationTests" time="1.614">
    <system-out><![CDATA[10:49:47.587 [main] INFO org.springframework.test.context.support.AnnotationConfigContextLoaderUtils -- Could not detect default configuration classes for test class [com.health.healthplatform.HealthplatformApplicationTests]: HealthplatformApplicationTests does not declare any static, non-private, non-final, nested classes annotated with @Configuration.
10:49:47.756 [main] INFO org.springframework.boot.test.context.SpringBootTestContextBootstrapper -- Found @SpringBootConfiguration com.health.healthplatform.HealthplatformApplication for test class com.health.healthplatform.HealthplatformApplicationTests

  .   ____          _            __ _ _
 /\\ / ___'_ __ _ _(_)_ __  __ _ \ \ \ \
( ( )\___ | '_ | '_| | '_ \/ _` | \ \ \ \
 \\/  ___)| |_)| | | | | || (_| |  ) ) ) )
  '  |____| .__|_| |_|_| |_\__, | / / / /
 =========|_|==============|___/=/_/_/_/
 :: Spring Boot ::                (v3.2.0)

2024-11-20T10:49:48.396+08:00  INFO 38900 --- [healthplatform] [           main] c.h.h.HealthplatformApplicationTests     : Starting HealthplatformApplicationTests using Java 17.0.10 with PID 38900 (started by S1366 in D:\grade3-1\mobile\health_platform\healthplatform)
2024-11-20T10:49:48.398+08:00  INFO 38900 --- [healthplatform] [           main] c.h.h.HealthplatformApplicationTests     : No active profile set, falling back to 1 default profile: "default"
 _ _   |_  _ _|_. ___ _ |    _ 
| | |\/|_)(_| | |_\  |_)||_|_\ 
     /               |         
                        3.5.5 
2024-11-20T10:49:52.453+08:00  INFO 38900 --- [healthplatform] [           main] com.zaxxer.hikari.HikariDataSource       : HikariPool-1 - Starting...
2024-11-20T10:49:53.559+08:00  INFO 38900 --- [healthplatform] [           main] com.zaxxer.hikari.pool.HikariPool        : HikariPool-1 - Added connection com.mysql.cj.jdbc.ConnectionImpl@a3cba3a
2024-11-20T10:49:53.565+08:00  INFO 38900 --- [healthplatform] [           main] com.zaxxer.hikari.HikariDataSource       : HikariPool-1 - Start completed.
用户名/手机号/密码为空，跳过添加用户操作
2024-11-20T10:49:55.775+08:00  INFO 38900 --- [healthplatform] [           main] c.h.h.HealthplatformApplicationTests     : Started HealthplatformApplicationTests in 7.779 seconds (process running for 9.429)
]]></system-out>
  </testcase>
</testsuite>